Conectando ao banco: jdbc:mysql://localhost:3306/board_db
Usuário: root
set. 01, 2025 1:06:26 AM liquibase.database
INFO: Error fetching reserved words list from JDBC driver
java.sql.SQLSyntaxErrorException: Unknown column 'RESERVED' in 'where clause'
	at com.mysql.cj.jdbc.exceptions.SQLError.createSQLException(SQLError.java:121)
	at com.mysql.cj.jdbc.exceptions.SQLExceptionsMapping.translateException(SQLExceptionsMapping.java:122)
	at com.mysql.cj.jdbc.StatementImpl.executeQuery(StatementImpl.java:1200)
	at com.mysql.cj.jdbc.DatabaseMetaDataUsingInfoSchema.getSQLKeywords(DatabaseMetaDataUsingInfoSchema.java:1194)
	at liquibase.database.jvm.JdbcConnection.attached(JdbcConnection.java:57)
	at liquibase.database.AbstractJdbcDatabase.setConnection(AbstractJdbcDatabase.java:162)
	at liquibase.database.DatabaseFactory.findCorrectDatabaseImplementation(DatabaseFactory.java:133)
	at liquibase.Liquibase.<init>(Liquibase.java:104)
	at br.com.dio.persistence.migration.MigrationStrategy.executeMigration(MigrationStrategy.java:32)
	at br.com.dio.Main.main(Main.java:15)

set. 01, 2025 1:06:27 AM liquibase.changelog
INFO: Reading resource: db/changelog/migrations/db.changelog-202408191938.sql
set. 01, 2025 1:06:27 AM liquibase.changelog
INFO: Reading resource: db/changelog/migrations/db.changelog-202408210954.sql
set. 01, 2025 1:06:27 AM liquibase.changelog
INFO: Reading resource: db/changelog/migrations/db.changelog-202408211004.sql
set. 01, 2025 1:06:27 AM liquibase.changelog
INFO: Reading resource: db/changelog/migrations/db.changelog-202408211005.sql
set. 01, 2025 1:06:27 AM liquibase.changelog
INFO: Reading resource: db/changelog/migrations/db.changelog-202408281807.sql
set. 01, 2025 1:06:27 AM liquibase.changelog
INFO: Reading from board_db.databasechangelog
Database is up to date, no changesets to execute
set. 01, 2025 1:06:27 AM liquibase.changelog
INFO: Reading from board_db.databasechangelog

UPDATE SUMMARY
Run:                          0
Previously run:               5
Filtered out:                 0
-------------------------------
Total change sets:            5

set. 01, 2025 1:06:27 AM liquibase.util
INFO: UPDATE SUMMARY
set. 01, 2025 1:06:27 AM liquibase.util
INFO: Run:                          0
set. 01, 2025 1:06:27 AM liquibase.util
INFO: Previously run:               5
set. 01, 2025 1:06:27 AM liquibase.util
INFO: Filtered out:                 0
set. 01, 2025 1:06:27 AM liquibase.util
INFO: -------------------------------
set. 01, 2025 1:06:27 AM liquibase.util
INFO: Total change sets:            5
set. 01, 2025 1:06:27 AM liquibase.util
INFO: Update summary generated
set. 01, 2025 1:06:27 AM liquibase.lockservice
INFO: Successfully released change log lock
set. 01, 2025 1:06:27 AM liquibase.command
INFO: Command execution complete
